<?xml version="1.0" encoding="UTF-8"?>
<testng-results skipped="1" failed="3" ignored="0" total="22" passed="18">
  <reporter-output>
  </reporter-output>
  <suite name="SuiteTestes" duration-ms="14488" started-at="2020-07-03T15:00:09 BRT" finished-at="2020-07-03T15:00:24 BRT">
    <groups>
    </groups>
    <test name="TreinamentoRestAssuredTests" duration-ms="14488" started-at="2020-07-03T15:00:09 BRT" finished-at="2020-07-03T15:00:24 BRT">
      <class name="treinamentorestassured.TestesCompletos">
        <test-method status="PASS" signature="adicionarNovoPetComSucesso()[pri:0, instance:treinamentorestassured.TestesCompletos@5e5d171f]" name="adicionarNovoPetComSucesso" duration-ms="390" started-at="2020-07-03T15:00:21 BRT" finished-at="2020-07-03T15:00:21 BRT">
          <reporter-output>
          </reporter-output>
        </test-method> <!-- adicionarNovoPetComSucesso -->
        <test-method status="PASS" signature="verificaSeArrayDeTagsTemMaisDeZeroItens()[pri:0, instance:treinamentorestassured.TestesCompletos@5e5d171f]" name="verificaSeArrayDeTagsTemMaisDeZeroItens" duration-ms="326" started-at="2020-07-03T15:00:21 BRT" finished-at="2020-07-03T15:00:21 BRT">
          <reporter-output>
          </reporter-output>
        </test-method> <!-- verificaSeArrayDeTagsTemMaisDeZeroItens -->
        <test-method status="PASS" signature="verificaSeArrayPhotoUrlNaoEVazio()[pri:0, instance:treinamentorestassured.TestesCompletos@5e5d171f]" name="verificaSeArrayPhotoUrlNaoEVazio" duration-ms="372" started-at="2020-07-03T15:00:21 BRT" finished-at="2020-07-03T15:00:22 BRT">
          <reporter-output>
          </reporter-output>
        </test-method> <!-- verificaSeArrayPhotoUrlNaoEVazio -->
        <test-method status="PASS" signature="verificaSeArrayPhotoUrlTemMenosDeTresItens()[pri:0, instance:treinamentorestassured.TestesCompletos@5e5d171f]" name="verificaSeArrayPhotoUrlTemMenosDeTresItens" duration-ms="351" started-at="2020-07-03T15:00:22 BRT" finished-at="2020-07-03T15:00:22 BRT">
          <reporter-output>
          </reporter-output>
        </test-method> <!-- verificaSeArrayPhotoUrlTemMenosDeTresItens -->
        <test-method status="PASS" signature="verificaSeContemArrayDeTagsContemObjetoCujoValorParaNameEIgualAmarelo()[pri:0, instance:treinamentorestassured.TestesCompletos@5e5d171f]" name="verificaSeContemArrayDeTagsContemObjetoCujoValorParaNameEIgualAmarelo" duration-ms="361" started-at="2020-07-03T15:00:22 BRT" finished-at="2020-07-03T15:00:23 BRT">
          <reporter-output>
          </reporter-output>
        </test-method> <!-- verificaSeContemArrayDeTagsContemObjetoCujoValorParaNameEIgualAmarelo -->
        <test-method status="PASS" signature="verificaSeContemArrayDeTagsTemTamanhoIgualA2()[pri:0, instance:treinamentorestassured.TestesCompletos@5e5d171f]" name="verificaSeContemArrayDeTagsTemTamanhoIgualA2" duration-ms="351" started-at="2020-07-03T15:00:23 BRT" finished-at="2020-07-03T15:00:23 BRT">
          <reporter-output>
          </reporter-output>
        </test-method> <!-- verificaSeContemArrayDeTagsTemTamanhoIgualA2 -->
        <test-method status="PASS" signature="verificaSeContemChaveStatus()[pri:0, instance:treinamentorestassured.TestesCompletos@5e5d171f]" name="verificaSeContemChaveStatus" duration-ms="332" started-at="2020-07-03T15:00:23 BRT" finished-at="2020-07-03T15:00:23 BRT">
          <reporter-output>
          </reporter-output>
        </test-method> <!-- verificaSeContemChaveStatus -->
        <test-method status="PASS" signature="verificaSeIdNaoEVazio()[pri:0, instance:treinamentorestassured.TestesCompletos@5e5d171f]" name="verificaSeIdNaoEVazio" duration-ms="351" started-at="2020-07-03T15:00:23 BRT" finished-at="2020-07-03T15:00:24 BRT">
          <reporter-output>
          </reporter-output>
        </test-method> <!-- verificaSeIdNaoEVazio -->
      </class> <!-- treinamentorestassured.TestesCompletos -->
      <class name="treinamentorestassured.Pratica">
        <test-method status="PASS" signature="AtualizarDadosPetExistenteComSucesso()[pri:0, instance:treinamentorestassured.Pratica@7770f470]" name="AtualizarDadosPetExistenteComSucesso" duration-ms="1058" started-at="2020-07-03T15:00:15 BRT" finished-at="2020-07-03T15:00:16 BRT">
          <reporter-output>
          </reporter-output>
        </test-method> <!-- AtualizarDadosPetExistenteComSucesso -->
        <test-method status="FAIL" signature="AtualizarDadosPetInexistente()[pri:0, instance:treinamentorestassured.Pratica@7770f470]" name="AtualizarDadosPetInexistente" duration-ms="885" started-at="2020-07-03T15:00:16 BRT" finished-at="2020-07-03T15:00:17 BRT">
          <exception class="java.lang.AssertionError">
            <message>
              <![CDATA[1 expectation failed.
JSON path id doesn't match.
Expected: 2671912896705030996
  Actual: 8815634192425333
]]>
            </message>
            <full-stacktrace>
              <![CDATA[java.lang.AssertionError: 1 expectation failed.
JSON path id doesn't match.
Expected: 2671912896705030996
  Actual: 8815634192425333

at sun.reflect.NativeConstructorAccessorImpl.newInstance0(Native Method)
at sun.reflect.NativeConstructorAccessorImpl.newInstance(NativeConstructorAccessorImpl.java:62)
at sun.reflect.DelegatingConstructorAccessorImpl.newInstance(DelegatingConstructorAccessorImpl.java:45)
at java.lang.reflect.Constructor.newInstance(Constructor.java:423)
at org.codehaus.groovy.reflection.CachedConstructor.invoke(CachedConstructor.java:72)
at org.codehaus.groovy.reflection.CachedConstructor.doConstructorInvoke(CachedConstructor.java:59)
at org.codehaus.groovy.runtime.callsite.ConstructorSite$ConstructorSiteNoUnwrap.callConstructor(ConstructorSite.java:84)
at org.codehaus.groovy.runtime.callsite.CallSiteArray.defaultCallConstructor(CallSiteArray.java:59)
at org.codehaus.groovy.runtime.callsite.AbstractCallSite.callConstructor(AbstractCallSite.java:263)
at org.codehaus.groovy.runtime.callsite.AbstractCallSite.callConstructor(AbstractCallSite.java:277)
at io.restassured.internal.ResponseSpecificationImpl$HamcrestAssertionClosure.validate(ResponseSpecificationImpl.groovy:493)
at io.restassured.internal.ResponseSpecificationImpl$HamcrestAssertionClosure$validate$1.call(Unknown Source)
at io.restassured.internal.ResponseSpecificationImpl.validateResponseIfRequired(ResponseSpecificationImpl.groovy:674)
at sun.reflect.NativeMethodAccessorImpl.invoke0(Native Method)
at sun.reflect.NativeMethodAccessorImpl.invoke(NativeMethodAccessorImpl.java:62)
at sun.reflect.DelegatingMethodAccessorImpl.invoke(DelegatingMethodAccessorImpl.java:43)
at java.lang.reflect.Method.invoke(Method.java:498)
at org.codehaus.groovy.runtime.callsite.PlainObjectMetaMethodSite.doInvoke(PlainObjectMetaMethodSite.java:43)
at org.codehaus.groovy.runtime.callsite.PogoMetaMethodSite$PogoCachedMethodSiteNoUnwrapNoCoerce.invoke(PogoMetaMethodSite.java:193)
at org.codehaus.groovy.runtime.callsite.PogoMetaMethodSite.callCurrent(PogoMetaMethodSite.java:61)
at org.codehaus.groovy.runtime.callsite.AbstractCallSite.callCurrent(AbstractCallSite.java:185)
at io.restassured.internal.ResponseSpecificationImpl.body(ResponseSpecificationImpl.groovy:261)
at io.restassured.specification.ResponseSpecification$body$3.callCurrent(Unknown Source)
at io.restassured.internal.ResponseSpecificationImpl.body(ResponseSpecificationImpl.groovy:108)
at io.restassured.internal.ValidatableResponseOptionsImpl.body(ValidatableResponseOptionsImpl.java:244)
at io.restassured.internal.ValidatableResponseImpl.super$2$body(ValidatableResponseImpl.groovy)
at sun.reflect.NativeMethodAccessorImpl.invoke0(Native Method)
at sun.reflect.NativeMethodAccessorImpl.invoke(NativeMethodAccessorImpl.java:62)
at sun.reflect.DelegatingMethodAccessorImpl.invoke(DelegatingMethodAccessorImpl.java:43)
at java.lang.reflect.Method.invoke(Method.java:498)
at org.codehaus.groovy.reflection.CachedMethod.invoke(CachedMethod.java:107)
at groovy.lang.MetaMethod.doMethodInvoke(MetaMethod.java:323)
at groovy.lang.MetaClassImpl.invokeMethod(MetaClassImpl.java:1262)
at org.codehaus.groovy.runtime.ScriptBytecodeAdapter.invokeMethodOnSuperN(ScriptBytecodeAdapter.java:144)
at io.restassured.internal.ValidatableResponseImpl.body(ValidatableResponseImpl.groovy:298)
at io.restassured.internal.ValidatableResponseImpl.body(ValidatableResponseImpl.groovy)
at treinamentorestassured.Pratica.AtualizarDadosPetInexistente(Pratica.java:124)
at sun.reflect.NativeMethodAccessorImpl.invoke0(Native Method)
at sun.reflect.NativeMethodAccessorImpl.invoke(NativeMethodAccessorImpl.java:62)
at sun.reflect.DelegatingMethodAccessorImpl.invoke(DelegatingMethodAccessorImpl.java:43)
at java.lang.reflect.Method.invoke(Method.java:498)
at org.testng.internal.MethodInvocationHelper.invokeMethod(MethodInvocationHelper.java:134)
at org.testng.internal.TestInvoker.invokeMethod(TestInvoker.java:597)
at org.testng.internal.TestInvoker.invokeTestMethod(TestInvoker.java:173)
at org.testng.internal.MethodRunner.runInSequence(MethodRunner.java:46)
at org.testng.internal.TestInvoker$MethodInvocationAgent.invoke(TestInvoker.java:816)
at org.testng.internal.TestInvoker.invokeTestMethods(TestInvoker.java:146)
at org.testng.internal.TestMethodWorker.invokeTestMethods(TestMethodWorker.java:146)
at org.testng.internal.TestMethodWorker.run(TestMethodWorker.java:128)
at java.util.ArrayList.forEach(ArrayList.java:1257)
at org.testng.TestRunner.privateRun(TestRunner.java:766)
at org.testng.TestRunner.run(TestRunner.java:587)
at org.testng.SuiteRunner.runTest(SuiteRunner.java:384)
at org.testng.SuiteRunner.runSequentially(SuiteRunner.java:378)
at org.testng.SuiteRunner.privateRun(SuiteRunner.java:337)
at org.testng.SuiteRunner.run(SuiteRunner.java:286)
at org.testng.SuiteRunnerWorker.runSuite(SuiteRunnerWorker.java:53)
at org.testng.SuiteRunnerWorker.run(SuiteRunnerWorker.java:96)
at org.testng.TestNG.runSuitesSequentially(TestNG.java:1187)
at org.testng.TestNG.runSuitesLocally(TestNG.java:1109)
at org.testng.TestNG.runSuites(TestNG.java:1039)
at org.testng.TestNG.run(TestNG.java:1007)
at org.apache.maven.surefire.testng.TestNGExecutor.run(TestNGExecutor.java:178)
at org.apache.maven.surefire.testng.TestNGXmlTestSuite.execute(TestNGXmlTestSuite.java:92)
at org.apache.maven.surefire.testng.TestNGProvider.invoke(TestNGProvider.java:96)
at sun.reflect.NativeMethodAccessorImpl.invoke0(Native Method)
at sun.reflect.NativeMethodAccessorImpl.invoke(NativeMethodAccessorImpl.java:62)
at sun.reflect.DelegatingMethodAccessorImpl.invoke(DelegatingMethodAccessorImpl.java:43)
at java.lang.reflect.Method.invoke(Method.java:498)
at org.apache.maven.surefire.util.ReflectionUtils.invokeMethodWithArray2(ReflectionUtils.java:208)
at org.apache.maven.surefire.booter.ProviderFactory$ProviderProxy.invoke(ProviderFactory.java:159)
at org.apache.maven.surefire.booter.ProviderFactory.invokeProvider(ProviderFactory.java:87)
at org.apache.maven.surefire.booter.ForkedBooter.runSuitesInProcess(ForkedBooter.java:153)
at org.apache.maven.surefire.booter.ForkedBooter.main(ForkedBooter.java:95)
]]>
            </full-stacktrace>
          </exception> <!-- java.lang.AssertionError -->
          <reporter-output>
          </reporter-output>
        </test-method> <!-- AtualizarDadosPetInexistente -->
        <test-method status="FAIL" signature="CadastrarNovoPedidoPet()[pri:0, instance:treinamentorestassured.Pratica@7770f470]" name="CadastrarNovoPedidoPet" duration-ms="897" started-at="2020-07-03T15:00:17 BRT" finished-at="2020-07-03T15:00:18 BRT">
          <exception class="java.lang.AssertionError">
            <message>
              <![CDATA[6 expectations failed.
JSON path id doesn't match.
Expected: <99900>
  Actual: 9900

JSON path pet.id doesn't match.
Expected: <9900>
  Actual: null

JSON path quantity doesn't match.
Expected: 1
  Actual: 0

JSON path shipDate doesn't match.
Expected: 2020-07-01T01:42:16.953Z
  Actual: null

JSON path status doesn't match.
Expected: placed
  Actual: pending

JSON path complete doesn't match.
Expected: <true>
  Actual: false
]]>
            </message>
            <full-stacktrace>
              <![CDATA[java.lang.AssertionError: 6 expectations failed.
JSON path id doesn't match.
Expected: <99900>
  Actual: 9900

JSON path pet.id doesn't match.
Expected: <9900>
  Actual: null

JSON path quantity doesn't match.
Expected: 1
  Actual: 0

JSON path shipDate doesn't match.
Expected: 2020-07-01T01:42:16.953Z
  Actual: null

JSON path status doesn't match.
Expected: placed
  Actual: pending

JSON path complete doesn't match.
Expected: <true>
  Actual: false

at sun.reflect.NativeConstructorAccessorImpl.newInstance0(Native Method)
at sun.reflect.NativeConstructorAccessorImpl.newInstance(NativeConstructorAccessorImpl.java:62)
at sun.reflect.DelegatingConstructorAccessorImpl.newInstance(DelegatingConstructorAccessorImpl.java:45)
at java.lang.reflect.Constructor.newInstance(Constructor.java:423)
at org.codehaus.groovy.reflection.CachedConstructor.invoke(CachedConstructor.java:72)
at org.codehaus.groovy.reflection.CachedConstructor.doConstructorInvoke(CachedConstructor.java:59)
at org.codehaus.groovy.runtime.callsite.ConstructorSite$ConstructorSiteNoUnwrap.callConstructor(ConstructorSite.java:84)
at org.codehaus.groovy.runtime.callsite.AbstractCallSite.callConstructor(AbstractCallSite.java:277)
at io.restassured.internal.ResponseSpecificationImpl$HamcrestAssertionClosure.validate(ResponseSpecificationImpl.groovy:493)
at io.restassured.internal.ResponseSpecificationImpl$HamcrestAssertionClosure$validate$1.call(Unknown Source)
at io.restassured.internal.ResponseSpecificationImpl.validateResponseIfRequired(ResponseSpecificationImpl.groovy:674)
at sun.reflect.NativeMethodAccessorImpl.invoke0(Native Method)
at sun.reflect.NativeMethodAccessorImpl.invoke(NativeMethodAccessorImpl.java:62)
at sun.reflect.DelegatingMethodAccessorImpl.invoke(DelegatingMethodAccessorImpl.java:43)
at java.lang.reflect.Method.invoke(Method.java:498)
at org.codehaus.groovy.runtime.callsite.PlainObjectMetaMethodSite.doInvoke(PlainObjectMetaMethodSite.java:43)
at org.codehaus.groovy.runtime.callsite.PogoMetaMethodSite$PogoCachedMethodSiteNoUnwrapNoCoerce.invoke(PogoMetaMethodSite.java:193)
at org.codehaus.groovy.runtime.callsite.PogoMetaMethodSite.callCurrent(PogoMetaMethodSite.java:61)
at org.codehaus.groovy.runtime.callsite.AbstractCallSite.callCurrent(AbstractCallSite.java:185)
at io.restassured.internal.ResponseSpecificationImpl.body(ResponseSpecificationImpl.groovy:261)
at io.restassured.specification.ResponseSpecification$body$3.callCurrent(Unknown Source)
at io.restassured.internal.ResponseSpecificationImpl.body(ResponseSpecificationImpl.groovy:108)
at io.restassured.internal.ValidatableResponseOptionsImpl.body(ValidatableResponseOptionsImpl.java:244)
at io.restassured.internal.ValidatableResponseImpl.super$2$body(ValidatableResponseImpl.groovy)
at sun.reflect.NativeMethodAccessorImpl.invoke0(Native Method)
at sun.reflect.NativeMethodAccessorImpl.invoke(NativeMethodAccessorImpl.java:62)
at sun.reflect.DelegatingMethodAccessorImpl.invoke(DelegatingMethodAccessorImpl.java:43)
at java.lang.reflect.Method.invoke(Method.java:498)
at org.codehaus.groovy.reflection.CachedMethod.invoke(CachedMethod.java:107)
at groovy.lang.MetaMethod.doMethodInvoke(MetaMethod.java:323)
at groovy.lang.MetaClassImpl.invokeMethod(MetaClassImpl.java:1262)
at org.codehaus.groovy.runtime.ScriptBytecodeAdapter.invokeMethodOnSuperN(ScriptBytecodeAdapter.java:144)
at io.restassured.internal.ValidatableResponseImpl.body(ValidatableResponseImpl.groovy:298)
at io.restassured.internal.ValidatableResponseImpl.body(ValidatableResponseImpl.groovy)
at treinamentorestassured.Pratica.CadastrarNovoPedidoPet(Pratica.java:153)
at sun.reflect.NativeMethodAccessorImpl.invoke0(Native Method)
at sun.reflect.NativeMethodAccessorImpl.invoke(NativeMethodAccessorImpl.java:62)
at sun.reflect.DelegatingMethodAccessorImpl.invoke(DelegatingMethodAccessorImpl.java:43)
at java.lang.reflect.Method.invoke(Method.java:498)
at org.testng.internal.MethodInvocationHelper.invokeMethod(MethodInvocationHelper.java:134)
at org.testng.internal.TestInvoker.invokeMethod(TestInvoker.java:597)
at org.testng.internal.TestInvoker.invokeTestMethod(TestInvoker.java:173)
at org.testng.internal.MethodRunner.runInSequence(MethodRunner.java:46)
at org.testng.internal.TestInvoker$MethodInvocationAgent.invoke(TestInvoker.java:816)
at org.testng.internal.TestInvoker.invokeTestMethods(TestInvoker.java:146)
at org.testng.internal.TestMethodWorker.invokeTestMethods(TestMethodWorker.java:146)
at org.testng.internal.TestMethodWorker.run(TestMethodWorker.java:128)
at java.util.ArrayList.forEach(ArrayList.java:1257)
at org.testng.TestRunner.privateRun(TestRunner.java:766)
at org.testng.TestRunner.run(TestRunner.java:587)
at org.testng.SuiteRunner.runTest(SuiteRunner.java:384)
at org.testng.SuiteRunner.runSequentially(SuiteRunner.java:378)
at org.testng.SuiteRunner.privateRun(SuiteRunner.java:337)
at org.testng.SuiteRunner.run(SuiteRunner.java:286)
at org.testng.SuiteRunnerWorker.runSuite(SuiteRunnerWorker.java:53)
at org.testng.SuiteRunnerWorker.run(SuiteRunnerWorker.java:96)
at org.testng.TestNG.runSuitesSequentially(TestNG.java:1187)
at org.testng.TestNG.runSuitesLocally(TestNG.java:1109)
at org.testng.TestNG.runSuites(TestNG.java:1039)
at org.testng.TestNG.run(TestNG.java:1007)
at org.apache.maven.surefire.testng.TestNGExecutor.run(TestNGExecutor.java:178)
at org.apache.maven.surefire.testng.TestNGXmlTestSuite.execute(TestNGXmlTestSuite.java:92)
at org.apache.maven.surefire.testng.TestNGProvider.invoke(TestNGProvider.java:96)
at sun.reflect.NativeMethodAccessorImpl.invoke0(Native Method)
at sun.reflect.NativeMethodAccessorImpl.invoke(NativeMethodAccessorImpl.java:62)
at sun.reflect.DelegatingMethodAccessorImpl.invoke(DelegatingMethodAccessorImpl.java:43)
at java.lang.reflect.Method.invoke(Method.java:498)
at org.apache.maven.surefire.util.ReflectionUtils.invokeMethodWithArray2(ReflectionUtils.java:208)
at org.apache.maven.surefire.booter.ProviderFactory$ProviderProxy.invoke(ProviderFactory.java:159)
at org.apache.maven.surefire.booter.ProviderFactory.invokeProvider(ProviderFactory.java:87)
at org.apache.maven.surefire.booter.ForkedBooter.runSuitesInProcess(ForkedBooter.java:153)
at org.apache.maven.surefire.booter.ForkedBooter.main(ForkedBooter.java:95)
]]>
            </full-stacktrace>
          </exception> <!-- java.lang.AssertionError -->
          <reporter-output>
          </reporter-output>
        </test-method> <!-- CadastrarNovoPedidoPet -->
        <test-method status="PASS" signature="RealizarRequisicaoMetodoInvalido()[pri:0, instance:treinamentorestassured.Pratica@7770f470]" name="RealizarRequisicaoMetodoInvalido" duration-ms="844" started-at="2020-07-03T15:00:18 BRT" finished-at="2020-07-03T15:00:19 BRT">
          <reporter-output>
          </reporter-output>
        </test-method> <!-- RealizarRequisicaoMetodoInvalido -->
        <test-method status="PASS" signature="pesquisarPetInexistente()[pri:0, instance:treinamentorestassured.Pratica@7770f470]" name="pesquisarPetInexistente" duration-ms="365" started-at="2020-07-03T15:00:19 BRT" finished-at="2020-07-03T15:00:19 BRT">
          <reporter-output>
          </reporter-output>
        </test-method> <!-- pesquisarPetInexistente -->
        <test-method status="FAIL" signature="pesquisarPetsComStatusPending()[pri:0, instance:treinamentorestassured.Pratica@7770f470]" name="pesquisarPetsComStatusPending" duration-ms="1280" started-at="2020-07-03T15:00:19 BRT" finished-at="2020-07-03T15:00:21 BRT">
          <exception class="java.lang.AssertionError">
            <message>
              <![CDATA[1 expectation failed.
JSON path status doesn't match.
Expected: a collection containing map containing ["status"->"pending"]
  Actual: [pending, pending, pending, pending, pending, pending, pending, pending, pending, pending, pending, pending, pending, pending, pending, pending, pending, pending, pending, pending, pending, pending, pending, pending, pending, pending, pending, pending, pending, pending, pending, pending, pending, pending, pending, pending, pending, pending, pending, pending, pending, pending, pending, pending, pending, pending, pending, pending, pending, pending, pending, pending, pending, pending, pending, pending, pending, pending, pending, pending, pending, pending, pending, pending, pending, pending, pending, pending, pending, pending, pending, pending, pending, pending, pending, pending, pending, pending, pending, pending, pending, pending, pending, pending, pending, pending, pending, pending, pending, pending, pending, pending, pending, pending, pending, pending, pending, pending, pending, pending, pending, pending, pending, pending, pending, pending, pending, pending, pending, pending, pending, pending, pending, pending, pending, pending, pending, pending, pending, pending, pending, pending, pending, pending, pending, pending, pending, pending, pending, pending, pending, pending, pending, pending, pending, pending, pending, pending, pending, pending, pending, pending, pending, pending, pending, pending, pending, pending, pending, pending, pending, pending, pending, pending, pending, pending, pending, pending, pending, pending, pending, pending, pending, pending, pending, pending, pending, pending, pending, pending, pending, pending, pending, pending, pending, pending, pending, pending, pending, pending, pending, pending]
]]>
            </message>
            <full-stacktrace>
              <![CDATA[java.lang.AssertionError: 1 expectation failed.
JSON path status doesn't match.
Expected: a collection containing map containing ["status"->"pending"]
  Actual: [pending, pending, pending, pending, pending, pending, pending, pending, pending, pending, pending, pending, pending, pending, pending, pending, pending, pending, pending, pending, pending, pending, pending, pending, pending, pending, pending, pending, pending, pending, pending, pending, pending, pending, pending, pending, pending, pending, pending, pending, pending, pending, pending, pending, pending, pending, pending, pending, pending, pending, pending, pending, pending, pending, pending, pending, pending, pending, pending, pending, pending, pending, pending, pending, pending, pending, pending, pending, pending, pending, pending, pending, pending, pending, pending, pending, pending, pending, pending, pending, pending, pending, pending, pending, pending, pending, pending, pending, pending, pending, pending, pending, pending, pending, pending, pending, pending, pending, pending, pending, pending, pending, pending, pending, pending, pending, pending, pending, pending, pending, pending, pending, pending, pending, pending, pending, pending, pending, pending, pending, pending, pending, pending, pending, pending, pending, pending, pending, pending, pending, pending, pending, pending, pending, pending, pending, pending, pending, pending, pending, pending, pending, pending, pending, pending, pending, pending, pending, pending, pending, pending, pending, pending, pending, pending, pending, pending, pending, pending, pending, pending, pending, pending, pending, pending, pending, pending, pending, pending, pending, pending, pending, pending, pending, pending, pending, pending, pending, pending, pending, pending, pending]

at sun.reflect.NativeConstructorAccessorImpl.newInstance0(Native Method)
at sun.reflect.NativeConstructorAccessorImpl.newInstance(NativeConstructorAccessorImpl.java:62)
at sun.reflect.DelegatingConstructorAccessorImpl.newInstance(DelegatingConstructorAccessorImpl.java:45)
at java.lang.reflect.Constructor.newInstance(Constructor.java:423)
at org.codehaus.groovy.reflection.CachedConstructor.invoke(CachedConstructor.java:72)
at org.codehaus.groovy.reflection.CachedConstructor.doConstructorInvoke(CachedConstructor.java:59)
at org.codehaus.groovy.runtime.callsite.ConstructorSite$ConstructorSiteNoUnwrap.callConstructor(ConstructorSite.java:84)
at org.codehaus.groovy.runtime.callsite.AbstractCallSite.callConstructor(AbstractCallSite.java:277)
at io.restassured.internal.ResponseSpecificationImpl$HamcrestAssertionClosure.validate(ResponseSpecificationImpl.groovy:493)
at io.restassured.internal.ResponseSpecificationImpl$HamcrestAssertionClosure$validate$1.call(Unknown Source)
at io.restassured.internal.ResponseSpecificationImpl.validateResponseIfRequired(ResponseSpecificationImpl.groovy:674)
at sun.reflect.GeneratedMethodAccessor85.invoke(Unknown Source)
at sun.reflect.DelegatingMethodAccessorImpl.invoke(DelegatingMethodAccessorImpl.java:43)
at java.lang.reflect.Method.invoke(Method.java:498)
at org.codehaus.groovy.runtime.callsite.PlainObjectMetaMethodSite.doInvoke(PlainObjectMetaMethodSite.java:43)
at org.codehaus.groovy.runtime.callsite.PogoMetaMethodSite$PogoCachedMethodSiteNoUnwrapNoCoerce.invoke(PogoMetaMethodSite.java:193)
at org.codehaus.groovy.runtime.callsite.PogoMetaMethodSite.callCurrent(PogoMetaMethodSite.java:61)
at org.codehaus.groovy.runtime.callsite.AbstractCallSite.callCurrent(AbstractCallSite.java:185)
at io.restassured.internal.ResponseSpecificationImpl.body(ResponseSpecificationImpl.groovy:261)
at io.restassured.specification.ResponseSpecification$body$3.callCurrent(Unknown Source)
at org.codehaus.groovy.runtime.callsite.CallSiteArray.defaultCallCurrent(CallSiteArray.java:51)
at io.restassured.specification.ResponseSpecification$body$3.callCurrent(Unknown Source)
at io.restassured.internal.ResponseSpecificationImpl.body(ResponseSpecificationImpl.groovy:108)
at io.restassured.internal.ValidatableResponseOptionsImpl.body(ValidatableResponseOptionsImpl.java:244)
at io.restassured.internal.ValidatableResponseImpl.super$2$body(ValidatableResponseImpl.groovy)
at sun.reflect.NativeMethodAccessorImpl.invoke0(Native Method)
at sun.reflect.NativeMethodAccessorImpl.invoke(NativeMethodAccessorImpl.java:62)
at sun.reflect.DelegatingMethodAccessorImpl.invoke(DelegatingMethodAccessorImpl.java:43)
at java.lang.reflect.Method.invoke(Method.java:498)
at org.codehaus.groovy.reflection.CachedMethod.invoke(CachedMethod.java:107)
at groovy.lang.MetaMethod.doMethodInvoke(MetaMethod.java:323)
at groovy.lang.MetaClassImpl.invokeMethod(MetaClassImpl.java:1262)
at org.codehaus.groovy.runtime.ScriptBytecodeAdapter.invokeMethodOnSuperN(ScriptBytecodeAdapter.java:144)
at io.restassured.internal.ValidatableResponseImpl.body(ValidatableResponseImpl.groovy:298)
at io.restassured.internal.ValidatableResponseImpl.body(ValidatableResponseImpl.groovy)
at treinamentorestassured.Pratica.pesquisarPetsComStatusPending(Pratica.java:109)
at sun.reflect.NativeMethodAccessorImpl.invoke0(Native Method)
at sun.reflect.NativeMethodAccessorImpl.invoke(NativeMethodAccessorImpl.java:62)
at sun.reflect.DelegatingMethodAccessorImpl.invoke(DelegatingMethodAccessorImpl.java:43)
at java.lang.reflect.Method.invoke(Method.java:498)
at org.testng.internal.MethodInvocationHelper.invokeMethod(MethodInvocationHelper.java:134)
at org.testng.internal.TestInvoker.invokeMethod(TestInvoker.java:597)
at org.testng.internal.TestInvoker.invokeTestMethod(TestInvoker.java:173)
at org.testng.internal.MethodRunner.runInSequence(MethodRunner.java:46)
at org.testng.internal.TestInvoker$MethodInvocationAgent.invoke(TestInvoker.java:816)
at org.testng.internal.TestInvoker.invokeTestMethods(TestInvoker.java:146)
at org.testng.internal.TestMethodWorker.invokeTestMethods(TestMethodWorker.java:146)
at org.testng.internal.TestMethodWorker.run(TestMethodWorker.java:128)
at java.util.ArrayList.forEach(ArrayList.java:1257)
at org.testng.TestRunner.privateRun(TestRunner.java:766)
at org.testng.TestRunner.run(TestRunner.java:587)
at org.testng.SuiteRunner.runTest(SuiteRunner.java:384)
at org.testng.SuiteRunner.runSequentially(SuiteRunner.java:378)
at org.testng.SuiteRunner.privateRun(SuiteRunner.java:337)
at org.testng.SuiteRunner.run(SuiteRunner.java:286)
at org.testng.SuiteRunnerWorker.runSuite(SuiteRunnerWorker.java:53)
at org.testng.SuiteRunnerWorker.run(SuiteRunnerWorker.java:96)
at org.testng.TestNG.runSuitesSequentially(TestNG.java:1187)
at org.testng.TestNG.runSuitesLocally(TestNG.java:1109)
at org.testng.TestNG.runSuites(TestNG.java:1039)
at org.testng.TestNG.run(TestNG.java:1007)
at org.apache.maven.surefire.testng.TestNGExecutor.run(TestNGExecutor.java:178)
at org.apache.maven.surefire.testng.TestNGXmlTestSuite.execute(TestNGXmlTestSuite.java:92)
at org.apache.maven.surefire.testng.TestNGProvider.invoke(TestNGProvider.java:96)
at sun.reflect.NativeMethodAccessorImpl.invoke0(Native Method)
at sun.reflect.NativeMethodAccessorImpl.invoke(NativeMethodAccessorImpl.java:62)
at sun.reflect.DelegatingMethodAccessorImpl.invoke(DelegatingMethodAccessorImpl.java:43)
at java.lang.reflect.Method.invoke(Method.java:498)
at org.apache.maven.surefire.util.ReflectionUtils.invokeMethodWithArray2(ReflectionUtils.java:208)
at org.apache.maven.surefire.booter.ProviderFactory$ProviderProxy.invoke(ProviderFactory.java:159)
at org.apache.maven.surefire.booter.ProviderFactory.invokeProvider(ProviderFactory.java:87)
at org.apache.maven.surefire.booter.ForkedBooter.runSuitesInProcess(ForkedBooter.java:153)
at org.apache.maven.surefire.booter.ForkedBooter.main(ForkedBooter.java:95)
]]>
            </full-stacktrace>
          </exception> <!-- java.lang.AssertionError -->
          <reporter-output>
          </reporter-output>
        </test-method> <!-- pesquisarPetsComStatusPending -->
      </class> <!-- treinamentorestassured.Pratica -->
      <class name="treinamentorestassured.DataDriven">
        <test-method status="SKIP" signature="cadastrarPetComSucesso([Ljava.lang.String;)[pri:0, instance:treinamentorestassured.DataDriven@d35dea7]" name="cadastrarPetComSucesso" duration-ms="0" started-at="2020-07-03T15:00:09 BRT" data-provider="petDataProviderCSV" finished-at="2020-07-03T15:00:09 BRT">
          <exception class="java.lang.RuntimeException">
            <message>
              <![CDATA[java.lang.NullPointerException]]>
            </message>
            <full-stacktrace>
              <![CDATA[java.lang.RuntimeException: java.lang.NullPointerException
at org.testng.internal.MethodInvocationHelper.invokeMethodNoCheckedException(MethodInvocationHelper.java:51)
at org.testng.internal.MethodInvocationHelper.invokeDataProvider(MethodInvocationHelper.java:147)
at org.testng.internal.Parameters.handleParameters(Parameters.java:801)
at org.testng.internal.Parameters.handleParameters(Parameters.java:744)
at org.testng.internal.ParameterHandler.handleParameters(ParameterHandler.java:59)
at org.testng.internal.ParameterHandler.createParameters(ParameterHandler.java:38)
at org.testng.internal.TestInvoker$MethodInvocationAgent.invoke(TestInvoker.java:783)
at org.testng.internal.TestInvoker.invokeTestMethods(TestInvoker.java:146)
at org.testng.internal.TestMethodWorker.invokeTestMethods(TestMethodWorker.java:146)
at org.testng.internal.TestMethodWorker.run(TestMethodWorker.java:128)
at java.util.ArrayList.forEach(ArrayList.java:1257)
at org.testng.TestRunner.privateRun(TestRunner.java:766)
at org.testng.TestRunner.run(TestRunner.java:587)
at org.testng.SuiteRunner.runTest(SuiteRunner.java:384)
at org.testng.SuiteRunner.runSequentially(SuiteRunner.java:378)
at org.testng.SuiteRunner.privateRun(SuiteRunner.java:337)
at org.testng.SuiteRunner.run(SuiteRunner.java:286)
at org.testng.SuiteRunnerWorker.runSuite(SuiteRunnerWorker.java:53)
at org.testng.SuiteRunnerWorker.run(SuiteRunnerWorker.java:96)
at org.testng.TestNG.runSuitesSequentially(TestNG.java:1187)
at org.testng.TestNG.runSuitesLocally(TestNG.java:1109)
at org.testng.TestNG.runSuites(TestNG.java:1039)
at org.testng.TestNG.run(TestNG.java:1007)
at org.apache.maven.surefire.testng.TestNGExecutor.run(TestNGExecutor.java:178)
at org.apache.maven.surefire.testng.TestNGXmlTestSuite.execute(TestNGXmlTestSuite.java:92)
at org.apache.maven.surefire.testng.TestNGProvider.invoke(TestNGProvider.java:96)
at sun.reflect.NativeMethodAccessorImpl.invoke0(Native Method)
at sun.reflect.NativeMethodAccessorImpl.invoke(NativeMethodAccessorImpl.java:62)
at sun.reflect.DelegatingMethodAccessorImpl.invoke(DelegatingMethodAccessorImpl.java:43)
at java.lang.reflect.Method.invoke(Method.java:498)
at org.apache.maven.surefire.util.ReflectionUtils.invokeMethodWithArray2(ReflectionUtils.java:208)
at org.apache.maven.surefire.booter.ProviderFactory$ProviderProxy.invoke(ProviderFactory.java:159)
at org.apache.maven.surefire.booter.ProviderFactory.invokeProvider(ProviderFactory.java:87)
at org.apache.maven.surefire.booter.ForkedBooter.runSuitesInProcess(ForkedBooter.java:153)
at org.apache.maven.surefire.booter.ForkedBooter.main(ForkedBooter.java:95)
Caused by: java.lang.NullPointerException
at treinamentorestassured.Utils.csvProvider(Utils.java:41)
at treinamentorestassured.DataDriven.petDataProviderCSV(DataDriven.java:44)
at sun.reflect.NativeMethodAccessorImpl.invoke0(Native Method)
at sun.reflect.NativeMethodAccessorImpl.invoke(NativeMethodAccessorImpl.java:62)
at sun.reflect.DelegatingMethodAccessorImpl.invoke(DelegatingMethodAccessorImpl.java:43)
at java.lang.reflect.Method.invoke(Method.java:498)
at org.testng.internal.MethodInvocationHelper.invokeMethod(MethodInvocationHelper.java:134)
at org.testng.internal.MethodInvocationHelper.invokeMethod(MethodInvocationHelper.java:78)
at org.testng.internal.MethodInvocationHelper.invokeMethodNoCheckedException(MethodInvocationHelper.java:47)
... 34 more
]]>
            </full-stacktrace>
          </exception> <!-- java.lang.RuntimeException -->
          <reporter-output>
          </reporter-output>
        </test-method> <!-- cadastrarPetComSucesso -->
        <test-method status="PASS" signature="cadastrarPetComSucesso1(treinamentorestassured.Pet)[pri:0, instance:treinamentorestassured.DataDriven@d35dea7]" name="cadastrarPetComSucesso1" duration-ms="1712" started-at="2020-07-03T15:00:09 BRT" data-provider="dataPetObjectPrvider" finished-at="2020-07-03T15:00:11 BRT">
          <params>
            <param index="0">
              <value>
                <![CDATA[treinamentorestassured.Pet@7c551ad4]]>
              </value>
            </param>
          </params>
          <reporter-output>
          </reporter-output>
        </test-method> <!-- cadastrarPetComSucesso1 -->
        <test-method status="PASS" signature="cadastrarPetComSucesso1(treinamentorestassured.Pet)[pri:0, instance:treinamentorestassured.DataDriven@d35dea7]" name="cadastrarPetComSucesso1" duration-ms="465" started-at="2020-07-03T15:00:11 BRT" data-provider="dataPetObjectPrvider" finished-at="2020-07-03T15:00:11 BRT">
          <params>
            <param index="0">
              <value>
                <![CDATA[treinamentorestassured.Pet@7d5508e0]]>
              </value>
            </param>
          </params>
          <reporter-output>
          </reporter-output>
        </test-method> <!-- cadastrarPetComSucesso1 -->
        <test-method status="PASS" signature="cadastrarPetComSucesso1(treinamentorestassured.Pet)[pri:0, instance:treinamentorestassured.DataDriven@d35dea7]" name="cadastrarPetComSucesso1" duration-ms="1581" started-at="2020-07-03T15:00:11 BRT" data-provider="dataPetObjectPrvider" finished-at="2020-07-03T15:00:13 BRT">
          <params>
            <param index="0">
              <value>
                <![CDATA[treinamentorestassured.Pet@554cd74a]]>
              </value>
            </param>
          </params>
          <reporter-output>
          </reporter-output>
        </test-method> <!-- cadastrarPetComSucesso1 -->
        <test-method status="PASS" signature="cadastrarUserComSucesso(treinamentorestassured.User)[pri:0, instance:treinamentorestassured.DataDriven@d35dea7]" name="cadastrarUserComSucesso" duration-ms="330" started-at="2020-07-03T15:00:13 BRT" data-provider="dataUserObjectPrvider" finished-at="2020-07-03T15:00:13 BRT">
          <params>
            <param index="0">
              <value>
                <![CDATA[treinamentorestassured.User@37ed010a]]>
              </value>
            </param>
          </params>
          <reporter-output>
          </reporter-output>
        </test-method> <!-- cadastrarUserComSucesso -->
        <test-method status="PASS" signature="cadastrarUserComSucesso(treinamentorestassured.User)[pri:0, instance:treinamentorestassured.DataDriven@d35dea7]" name="cadastrarUserComSucesso" duration-ms="335" started-at="2020-07-03T15:00:13 BRT" data-provider="dataUserObjectPrvider" finished-at="2020-07-03T15:00:14 BRT">
          <params>
            <param index="0">
              <value>
                <![CDATA[treinamentorestassured.User@633a2e99]]>
              </value>
            </param>
          </params>
          <reporter-output>
          </reporter-output>
        </test-method> <!-- cadastrarUserComSucesso -->
        <test-method status="PASS" signature="cadastrarUserComSucesso(treinamentorestassured.User)[pri:0, instance:treinamentorestassured.DataDriven@d35dea7]" name="cadastrarUserComSucesso" duration-ms="1488" started-at="2020-07-03T15:00:14 BRT" data-provider="dataUserObjectPrvider" finished-at="2020-07-03T15:00:15 BRT">
          <params>
            <param index="0">
              <value>
                <![CDATA[treinamentorestassured.User@367d2816]]>
              </value>
            </param>
          </params>
          <reporter-output>
          </reporter-output>
        </test-method> <!-- cadastrarUserComSucesso -->
        <test-method status="PASS" signature="cadastrarUserComSucesso(treinamentorestassured.User)[pri:0, instance:treinamentorestassured.DataDriven@d35dea7]" name="cadastrarUserComSucesso" duration-ms="347" started-at="2020-07-03T15:00:15 BRT" data-provider="dataUserObjectPrvider" finished-at="2020-07-03T15:00:15 BRT">
          <params>
            <param index="0">
              <value>
                <![CDATA[treinamentorestassured.User@5b84f14]]>
              </value>
            </param>
          </params>
          <reporter-output>
          </reporter-output>
        </test-method> <!-- cadastrarUserComSucesso -->
      </class> <!-- treinamentorestassured.DataDriven -->
    </test> <!-- TreinamentoRestAssuredTests -->
  </suite> <!-- SuiteTestes -->
</testng-results>
