<?xml version="1.0" encoding="UTF-8"?>
<!-- Generated by org.testng.reporters.JUnitXMLReporter -->
<testsuite hostname="hugo-Inspiron-3583" ignored="0" name="TreinamentoRestAssuredTests" tests="22" failures="3" timestamp="2020-07-03T15:00:24 BRT" time="14.488" errors="0">
  <testcase name="cadastrarPetComSucesso" time="0.0" classname="treinamentorestassured.DataDriven">
    <skipped/>
  </testcase> <!-- cadastrarPetComSucesso -->
  <testcase name="cadastrarPetComSucesso1" time="1.712" classname="treinamentorestassured.DataDriven"/>
  <testcase name="cadastrarPetComSucesso1" time="0.465" classname="treinamentorestassured.DataDriven"/>
  <testcase name="cadastrarPetComSucesso1" time="1.581" classname="treinamentorestassured.DataDriven"/>
  <testcase name="cadastrarUserComSucesso" time="0.33" classname="treinamentorestassured.DataDriven"/>
  <testcase name="cadastrarUserComSucesso" time="0.335" classname="treinamentorestassured.DataDriven"/>
  <testcase name="cadastrarUserComSucesso" time="1.488" classname="treinamentorestassured.DataDriven"/>
  <testcase name="cadastrarUserComSucesso" time="0.347" classname="treinamentorestassured.DataDriven"/>
  <testcase name="AtualizarDadosPetExistenteComSucesso" time="1.058" classname="treinamentorestassured.Pratica"/>
  <testcase name="AtualizarDadosPetInexistente" time="0.885" classname="treinamentorestassured.Pratica">
    <failure type="java.lang.AssertionError" message="1 expectation failed.
JSON path id doesn&amp;apos;t match.
Expected: 2671912896705030996
  Actual: 8815634192425333
">
      <![CDATA[java.lang.AssertionError: 1 expectation failed.
JSON path id doesn't match.
Expected: 2671912896705030996
  Actual: 8815634192425333

at org.codehaus.groovy.runtime.callsite.ConstructorSite$ConstructorSiteNoUnwrap.callConstructor(ConstructorSite.java:84)
at org.codehaus.groovy.runtime.callsite.CallSiteArray.defaultCallConstructor(CallSiteArray.java:59)
at org.codehaus.groovy.runtime.callsite.AbstractCallSite.callConstructor(AbstractCallSite.java:263)
at org.codehaus.groovy.runtime.callsite.AbstractCallSite.callConstructor(AbstractCallSite.java:277)
at io.restassured.internal.ResponseSpecificationImpl$HamcrestAssertionClosure.validate(ResponseSpecificationImpl.groovy:493)
at io.restassured.internal.ResponseSpecificationImpl$HamcrestAssertionClosure$validate$1.call(Unknown Source)
at io.restassured.internal.ResponseSpecificationImpl.validateResponseIfRequired(ResponseSpecificationImpl.groovy:674)
at org.codehaus.groovy.runtime.callsite.PlainObjectMetaMethodSite.doInvoke(PlainObjectMetaMethodSite.java:43)
at org.codehaus.groovy.runtime.callsite.PogoMetaMethodSite$PogoCachedMethodSiteNoUnwrapNoCoerce.invoke(PogoMetaMethodSite.java:193)
at org.codehaus.groovy.runtime.callsite.PogoMetaMethodSite.callCurrent(PogoMetaMethodSite.java:61)
at org.codehaus.groovy.runtime.callsite.AbstractCallSite.callCurrent(AbstractCallSite.java:185)
at io.restassured.internal.ResponseSpecificationImpl.body(ResponseSpecificationImpl.groovy:261)
at io.restassured.specification.ResponseSpecification$body$3.callCurrent(Unknown Source)
at io.restassured.internal.ResponseSpecificationImpl.body(ResponseSpecificationImpl.groovy:108)
at io.restassured.internal.ValidatableResponseOptionsImpl.body(ValidatableResponseOptionsImpl.java:244)
at io.restassured.internal.ValidatableResponseImpl.super$2$body(ValidatableResponseImpl.groovy)
at groovy.lang.MetaMethod.doMethodInvoke(MetaMethod.java:323)
at groovy.lang.MetaClassImpl.invokeMethod(MetaClassImpl.java:1262)
at org.codehaus.groovy.runtime.ScriptBytecodeAdapter.invokeMethodOnSuperN(ScriptBytecodeAdapter.java:144)
at io.restassured.internal.ValidatableResponseImpl.body(ValidatableResponseImpl.groovy:298)
at io.restassured.internal.ValidatableResponseImpl.body(ValidatableResponseImpl.groovy)
at treinamentorestassured.Pratica.AtualizarDadosPetInexistente(Pratica.java:124)
at java.util.ArrayList.forEach(ArrayList.java:1257)
... Removed 51 stack frames]]>
    </failure>
  </testcase> <!-- AtualizarDadosPetInexistente -->
  <testcase name="CadastrarNovoPedidoPet" time="0.897" classname="treinamentorestassured.Pratica">
    <failure type="java.lang.AssertionError" message="6 expectations failed.
JSON path id doesn&amp;apos;t match.
Expected: &amp;lt;99900&amp;gt;
  Actual: 9900

JSON path pet.id doesn&amp;apos;t match.
Expected: &amp;lt;9900&amp;gt;
  Actual: null

JSON path quantity doesn&amp;apos;t match.
Expected: 1
  Actual: 0

JSON path shipDate doesn&amp;apos;t match.
Expected: 2020-07-01T01:42:16.953Z
  Actual: null

JSON path status doesn&amp;apos;t match.
Expected: placed
  Actual: pending

JSON path complete doesn&amp;apos;t match.
Expected: &amp;lt;true&amp;gt;
  Actual: false
">
      <![CDATA[java.lang.AssertionError: 6 expectations failed.
JSON path id doesn't match.
Expected: <99900>
  Actual: 9900

JSON path pet.id doesn't match.
Expected: <9900>
  Actual: null

JSON path quantity doesn't match.
Expected: 1
  Actual: 0

JSON path shipDate doesn't match.
Expected: 2020-07-01T01:42:16.953Z
  Actual: null

JSON path status doesn't match.
Expected: placed
  Actual: pending

JSON path complete doesn't match.
Expected: <true>
  Actual: false

at org.codehaus.groovy.runtime.callsite.ConstructorSite$ConstructorSiteNoUnwrap.callConstructor(ConstructorSite.java:84)
at org.codehaus.groovy.runtime.callsite.AbstractCallSite.callConstructor(AbstractCallSite.java:277)
at io.restassured.internal.ResponseSpecificationImpl$HamcrestAssertionClosure.validate(ResponseSpecificationImpl.groovy:493)
at io.restassured.internal.ResponseSpecificationImpl$HamcrestAssertionClosure$validate$1.call(Unknown Source)
at io.restassured.internal.ResponseSpecificationImpl.validateResponseIfRequired(ResponseSpecificationImpl.groovy:674)
at org.codehaus.groovy.runtime.callsite.PlainObjectMetaMethodSite.doInvoke(PlainObjectMetaMethodSite.java:43)
at org.codehaus.groovy.runtime.callsite.PogoMetaMethodSite$PogoCachedMethodSiteNoUnwrapNoCoerce.invoke(PogoMetaMethodSite.java:193)
at org.codehaus.groovy.runtime.callsite.PogoMetaMethodSite.callCurrent(PogoMetaMethodSite.java:61)
at org.codehaus.groovy.runtime.callsite.AbstractCallSite.callCurrent(AbstractCallSite.java:185)
at io.restassured.internal.ResponseSpecificationImpl.body(ResponseSpecificationImpl.groovy:261)
at io.restassured.specification.ResponseSpecification$body$3.callCurrent(Unknown Source)
at io.restassured.internal.ResponseSpecificationImpl.body(ResponseSpecificationImpl.groovy:108)
at io.restassured.internal.ValidatableResponseOptionsImpl.body(ValidatableResponseOptionsImpl.java:244)
at io.restassured.internal.ValidatableResponseImpl.super$2$body(ValidatableResponseImpl.groovy)
at groovy.lang.MetaMethod.doMethodInvoke(MetaMethod.java:323)
at groovy.lang.MetaClassImpl.invokeMethod(MetaClassImpl.java:1262)
at org.codehaus.groovy.runtime.ScriptBytecodeAdapter.invokeMethodOnSuperN(ScriptBytecodeAdapter.java:144)
at io.restassured.internal.ValidatableResponseImpl.body(ValidatableResponseImpl.groovy:298)
at io.restassured.internal.ValidatableResponseImpl.body(ValidatableResponseImpl.groovy)
at treinamentorestassured.Pratica.CadastrarNovoPedidoPet(Pratica.java:153)
at java.util.ArrayList.forEach(ArrayList.java:1257)
... Removed 51 stack frames]]>
    </failure>
  </testcase> <!-- CadastrarNovoPedidoPet -->
  <testcase name="RealizarRequisicaoMetodoInvalido" time="0.844" classname="treinamentorestassured.Pratica"/>
  <testcase name="pesquisarPetInexistente" time="0.365" classname="treinamentorestassured.Pratica"/>
  <testcase name="pesquisarPetsComStatusPending" time="1.28" classname="treinamentorestassured.Pratica">
    <failure type="java.lang.AssertionError" message="1 expectation failed.
JSON path status doesn&amp;apos;t match.
Expected: a collection containing map containing [&amp;quot;status&amp;quot;-&amp;gt;&amp;quot;pending&amp;quot;]
  Actual: [pending, pending, pending, pending, pending, pending, pending, pending, pending, pending, pending, pending, pending, pending, pending, pending, pending, pending, pending, pending, pending, pending, pending, pending, pending, pending, pending, pending, pending, pending, pending, pending, pending, pending, pending, pending, pending, pending, pending, pending, pending, pending, pending, pending, pending, pending, pending, pending, pending, pending, pending, pending, pending, pending, pending, pending, pending, pending, pending, pending, pending, pending, pending, pending, pending, pending, pending, pending, pending, pending, pending, pending, pending, pending, pending, pending, pending, pending, pending, pending, pending, pending, pending, pending, pending, pending, pending, pending, pending, pending, pending, pending, pending, pending, pending, pending, pending, pending, pending, pending, pending, pending, pending, pending, pending, pending, pending, pending, pending, pending, pending, pending, pending, pending, pending, pending, pending, pending, pending, pending, pending, pending, pending, pending, pending, pending, pending, pending, pending, pending, pending, pending, pending, pending, pending, pending, pending, pending, pending, pending, pending, pending, pending, pending, pending, pending, pending, pending, pending, pending, pending, pending, pending, pending, pending, pending, pending, pending, pending, pending, pending, pending, pending, pending, pending, pending, pending, pending, pending, pending, pending, pending, pending, pending, pending, pending, pending, pending, pending, pending, pending, pending]
">
      <![CDATA[java.lang.AssertionError: 1 expectation failed.
JSON path status doesn't match.
Expected: a collection containing map containing ["status"->"pending"]
  Actual: [pending, pending, pending, pending, pending, pending, pending, pending, pending, pending, pending, pending, pending, pending, pending, pending, pending, pending, pending, pending, pending, pending, pending, pending, pending, pending, pending, pending, pending, pending, pending, pending, pending, pending, pending, pending, pending, pending, pending, pending, pending, pending, pending, pending, pending, pending, pending, pending, pending, pending, pending, pending, pending, pending, pending, pending, pending, pending, pending, pending, pending, pending, pending, pending, pending, pending, pending, pending, pending, pending, pending, pending, pending, pending, pending, pending, pending, pending, pending, pending, pending, pending, pending, pending, pending, pending, pending, pending, pending, pending, pending, pending, pending, pending, pending, pending, pending, pending, pending, pending, pending, pending, pending, pending, pending, pending, pending, pending, pending, pending, pending, pending, pending, pending, pending, pending, pending, pending, pending, pending, pending, pending, pending, pending, pending, pending, pending, pending, pending, pending, pending, pending, pending, pending, pending, pending, pending, pending, pending, pending, pending, pending, pending, pending, pending, pending, pending, pending, pending, pending, pending, pending, pending, pending, pending, pending, pending, pending, pending, pending, pending, pending, pending, pending, pending, pending, pending, pending, pending, pending, pending, pending, pending, pending, pending, pending, pending, pending, pending, pending, pending, pending]

at org.codehaus.groovy.runtime.callsite.ConstructorSite$ConstructorSiteNoUnwrap.callConstructor(ConstructorSite.java:84)
at org.codehaus.groovy.runtime.callsite.AbstractCallSite.callConstructor(AbstractCallSite.java:277)
at io.restassured.internal.ResponseSpecificationImpl$HamcrestAssertionClosure.validate(ResponseSpecificationImpl.groovy:493)
at io.restassured.internal.ResponseSpecificationImpl$HamcrestAssertionClosure$validate$1.call(Unknown Source)
at io.restassured.internal.ResponseSpecificationImpl.validateResponseIfRequired(ResponseSpecificationImpl.groovy:674)
at org.codehaus.groovy.runtime.callsite.PlainObjectMetaMethodSite.doInvoke(PlainObjectMetaMethodSite.java:43)
at org.codehaus.groovy.runtime.callsite.PogoMetaMethodSite$PogoCachedMethodSiteNoUnwrapNoCoerce.invoke(PogoMetaMethodSite.java:193)
at org.codehaus.groovy.runtime.callsite.PogoMetaMethodSite.callCurrent(PogoMetaMethodSite.java:61)
at org.codehaus.groovy.runtime.callsite.AbstractCallSite.callCurrent(AbstractCallSite.java:185)
at io.restassured.internal.ResponseSpecificationImpl.body(ResponseSpecificationImpl.groovy:261)
at io.restassured.specification.ResponseSpecification$body$3.callCurrent(Unknown Source)
at org.codehaus.groovy.runtime.callsite.CallSiteArray.defaultCallCurrent(CallSiteArray.java:51)
at io.restassured.specification.ResponseSpecification$body$3.callCurrent(Unknown Source)
at io.restassured.internal.ResponseSpecificationImpl.body(ResponseSpecificationImpl.groovy:108)
at io.restassured.internal.ValidatableResponseOptionsImpl.body(ValidatableResponseOptionsImpl.java:244)
at io.restassured.internal.ValidatableResponseImpl.super$2$body(ValidatableResponseImpl.groovy)
at groovy.lang.MetaMethod.doMethodInvoke(MetaMethod.java:323)
at groovy.lang.MetaClassImpl.invokeMethod(MetaClassImpl.java:1262)
at org.codehaus.groovy.runtime.ScriptBytecodeAdapter.invokeMethodOnSuperN(ScriptBytecodeAdapter.java:144)
at io.restassured.internal.ValidatableResponseImpl.body(ValidatableResponseImpl.groovy:298)
at io.restassured.internal.ValidatableResponseImpl.body(ValidatableResponseImpl.groovy)
at treinamentorestassured.Pratica.pesquisarPetsComStatusPending(Pratica.java:109)
at java.util.ArrayList.forEach(ArrayList.java:1257)
... Removed 50 stack frames]]>
    </failure>
  </testcase> <!-- pesquisarPetsComStatusPending -->
  <testcase name="adicionarNovoPetComSucesso" time="0.39" classname="treinamentorestassured.TestesCompletos"/>
  <testcase name="verificaSeArrayDeTagsTemMaisDeZeroItens" time="0.326" classname="treinamentorestassured.TestesCompletos"/>
  <testcase name="verificaSeArrayPhotoUrlNaoEVazio" time="0.372" classname="treinamentorestassured.TestesCompletos"/>
  <testcase name="verificaSeArrayPhotoUrlTemMenosDeTresItens" time="0.351" classname="treinamentorestassured.TestesCompletos"/>
  <testcase name="verificaSeContemArrayDeTagsContemObjetoCujoValorParaNameEIgualAmarelo" time="0.361" classname="treinamentorestassured.TestesCompletos"/>
  <testcase name="verificaSeContemArrayDeTagsTemTamanhoIgualA2" time="0.351" classname="treinamentorestassured.TestesCompletos"/>
  <testcase name="verificaSeContemChaveStatus" time="0.332" classname="treinamentorestassured.TestesCompletos"/>
  <testcase name="verificaSeIdNaoEVazio" time="0.351" classname="treinamentorestassured.TestesCompletos"/>
</testsuite> <!-- TreinamentoRestAssuredTests -->
